=====================================
=== SESSION START: 2026-02-12_14-39-33 ===
Time: 2026-02-12T14:39:33+03:00
Working dir: /Users/aagrigore1/src/skill-jira-management
=====================================

[14:39:33.641] [INFO] task-board-tui version dev
[14:39:33.642] [INFO] Config loaded, refresh interval: 10s
[14:39:36.547] [INFO] [ACTION] command_palette: opened
[14:39:36.755] [DEBUG] [KEY] a
[14:39:41.826] [DEBUG] [KEY] down
[14:39:42.440] [DEBUG] [KEY] up
[14:39:48.620] [DEBUG] [KEY] backspace
[14:39:50.108] [DEBUG] [KEY] down
[14:39:52.355] [DEBUG] [KEY] enter
[14:39:52.355] [INFO] command.ExecuteMsg received: cmd="agents" args=""
[14:39:52.355] [INFO] executeCommand: cmd="agents" args=""
[14:39:52.355] [INFO] [CMD] /agents → opening agents screen
[14:50:48.041] [INFO] [ACTION] command_palette: opened
[14:50:49.032] [DEBUG] [KEY] down
[14:50:49.194] [DEBUG] [KEY] down
[14:50:49.329] [DEBUG] [KEY] down
[14:50:49.463] [DEBUG] [KEY] down
[14:50:49.612] [DEBUG] [KEY] down
[14:50:49.732] [DEBUG] [KEY] down
[14:50:49.853] [DEBUG] [KEY] down
[14:50:50.095] [DEBUG] [KEY] up
[14:50:50.243] [DEBUG] [KEY] up
[14:50:50.393] [DEBUG] [KEY] up
[14:50:50.544] [DEBUG] [KEY] up
[14:50:51.804] [DEBUG] [KEY] down
[14:50:51.967] [DEBUG] [KEY] down
[14:50:52.135] [DEBUG] [KEY] down
[14:50:52.298] [DEBUG] [KEY] down
[14:50:52.447] [DEBUG] [KEY] down
[14:50:53.753] [DEBUG] [KEY] up
[14:50:54.505] [DEBUG] [KEY] up
[14:50:58.104] [DEBUG] [KEY] up
[14:50:58.390] [DEBUG] [KEY] enter
[14:50:58.392] [INFO] command.ExecuteMsg received: cmd="settings" args=""
[14:50:58.392] [INFO] executeCommand: cmd="settings" args=""
[14:50:58.392] [INFO] [CMD] /settings → opening settings screen
[14:51:17.668] [INFO] [ACTION] command_palette: opened
[14:51:18.928] [DEBUG] [KEY] down
[14:51:19.150] [DEBUG] [KEY] enter
[14:51:19.152] [INFO] command.ExecuteMsg received: cmd="agents" args=""
[14:51:19.152] [INFO] executeCommand: cmd="agents" args=""
[14:51:19.152] [INFO] [CMD] /agents → opening agents screen
[15:33:35.875] [INFO] Saving config and closing session

=== SESSION END ===
Duration: 54m2s
Total actions: 43
=====================================
